[debug] [2023-05-25T11:17:31.938Z] ----------------------------------------------------------------------
[debug] [2023-05-25T11:17:31.940Z] Command:       C:\Users\croba\node.exe C:\Users\croba\AppData\Roaming\npm\node_modules\firebase-tools\lib\bin\firebase.js login
[debug] [2023-05-25T11:17:31.940Z] CLI Version:   12.2.1
[debug] [2023-05-25T11:17:31.941Z] Platform:      win32
[debug] [2023-05-25T11:17:31.941Z] Node Version:  v18.16.0
[debug] [2023-05-25T11:17:31.948Z] Time:          Thu May 25 2023 07:17:31 GMT-0400 (Eastern Daylight Time)
[debug] [2023-05-25T11:17:31.948Z] ----------------------------------------------------------------------
[debug] 
[debug] [2023-05-25T11:17:31.959Z] >>> [apiv2][query] GET https://firebase-public.firebaseio.com/cli.json [none]
[info] i  Firebase optionally collects CLI and Emulator Suite usage and error reporting information to help improve our products. Data is collected in accordance with Google's privacy policy (https://policies.google.com/privacy) and is not used to identify you.
 
[debug] [2023-05-25T11:17:32.199Z] <<< [apiv2][status] GET https://firebase-public.firebaseio.com/cli.json 200
[debug] [2023-05-25T11:17:32.200Z] <<< [apiv2][body] GET https://firebase-public.firebaseio.com/cli.json {"cloudBuildErrorAfter":1594252800000,"cloudBuildWarnAfter":1590019200000,"defaultNode10After":1594252800000,"minVersion":"3.0.5","node8DeploysDisabledAfter":1613390400000,"node8RuntimeDisabledAfter":1615809600000,"node8WarnAfter":1600128000000}
[warn] !  Unable to fetch the CLI MOTD and remote config. 
[debug] [2023-05-25T11:17:32.202Z] Failed to fetch MOTD Error: EPERM: operation not permitted, mkdir 'C:\Users\croba\.config\configstore'
[debug] [2023-05-25T11:17:50.916Z] Error: EPERM: operation not permitted, mkdir 'C:\Users\croba\.config\configstore'
    at Object.mkdirSync (node:fs:1396:3)
    at module.exports.sync (C:\Users\croba\AppData\Roaming\npm\node_modules\firebase-tools\node_modules\make-dir\index.js:114:6)
    at set all [as all] (C:\Users\croba\AppData\Roaming\npm\node_modules\firebase-tools\node_modules\configstore\index.js:59:12)
    at Configstore.set (C:\Users\croba\AppData\Roaming\npm\node_modules\firebase-tools\node_modules\configstore\index.js:91:12)
    at ensureUAVisitor (C:\Users\croba\AppData\Roaming\npm\node_modules\firebase-tools\lib\track.js:23:39)
    at track (C:\Users\croba\AppData\Roaming\npm\node_modules\firebase-tools\lib\track.js:35:5)
    at C:\Users\croba\AppData\Roaming\npm\node_modules\firebase-tools\lib\command.js:116:39
    at process.processTicksAndRejections (node:internal/process/task_queues:95:5)
[error] 
[error] Error: An unexpected error has occurred.
[debug] [2023-05-25T11:17:51.268Z] Error: EPERM: operation not permitted, mkdir 'C:\Users\croba\.config\configstore'
    at Object.mkdirSync (node:fs:1396:3)
    at module.exports.sync (C:\Users\croba\AppData\Roaming\npm\node_modules\firebase-tools\node_modules\make-dir\index.js:114:6)
    at set all [as all] (C:\Users\croba\AppData\Roaming\npm\node_modules\firebase-tools\node_modules\configstore\index.js:59:12)
    at Configstore.set (C:\Users\croba\AppData\Roaming\npm\node_modules\firebase-tools\node_modules\configstore\index.js:91:12)
    at process.<anonymous> (C:\Users\croba\AppData\Roaming\npm\node_modules\firebase-tools\lib\bin\firebase.js:102:35)
    at process.emit (node:events:525:35)
    at process.emit (node:domain:489:12)
    at process.exit (node:internal/process/per_thread:192:15)
    at Timeout._onTimeout (C:\Users\croba\AppData\Roaming\npm\node_modules\firebase-tools\lib\errorOut.js:20:17)
    at listOnTimeout (node:internal/timers:569:17)
[error] 
[error] Error: An unexpected error has occurred.
[debug] [2023-05-25T12:03:03.183Z] ----------------------------------------------------------------------
[debug] [2023-05-25T12:03:03.185Z] Command:       C:\Users\croba\node.exe C:\Users\croba\AppData\Roaming\npm\node_modules\firebase-tools\lib\bin\firebase.js login
[debug] [2023-05-25T12:03:03.185Z] CLI Version:   12.2.1
[debug] [2023-05-25T12:03:03.185Z] Platform:      win32
[debug] [2023-05-25T12:03:03.186Z] Node Version:  v18.16.0
[debug] [2023-05-25T12:03:03.192Z] Time:          Thu May 25 2023 08:03:03 GMT-0400 (Eastern Daylight Time)
[debug] [2023-05-25T12:03:03.192Z] ----------------------------------------------------------------------
[debug] 
[debug] [2023-05-25T12:03:03.203Z] >>> [apiv2][query] GET https://firebase-public.firebaseio.com/cli.json [none]
[info] i  Firebase optionally collects CLI and Emulator Suite usage and error reporting information to help improve our products. Data is collected in accordance with Google's privacy policy (https://policies.google.com/privacy) and is not used to identify you.
 
[debug] [2023-05-25T12:03:03.417Z] <<< [apiv2][status] GET https://firebase-public.firebaseio.com/cli.json 200
[debug] [2023-05-25T12:03:03.418Z] <<< [apiv2][body] GET https://firebase-public.firebaseio.com/cli.json {"cloudBuildErrorAfter":1594252800000,"cloudBuildWarnAfter":1590019200000,"defaultNode10After":1594252800000,"minVersion":"3.0.5","node8DeploysDisabledAfter":1613390400000,"node8RuntimeDisabledAfter":1615809600000,"node8WarnAfter":1600128000000}
[warn] !  Unable to fetch the CLI MOTD and remote config. 
[debug] [2023-05-25T12:03:03.420Z] Failed to fetch MOTD Error: EPERM: operation not permitted, mkdir 'C:\Users\croba\.config\configstore'
